<?xml version="1.0" encoding="UTF-8"?>
<!-- Generated by org.testng.reporters.JUnitXMLReporter -->
<testsuite ignored="0" hostname="DESKTOP-K2SJR3U" failures="0" tests="3" name="Default test" time="40.55" errors="0" timestamp="2026-05-04T00:22:21 IST">
  <testcase classname="com.test.ProductTest" name="Search" time="14.056"/>
  <testcase classname="com.test.ProductTest" name="cart" time="5.788"/>
  <testcase classname="com.test.ProductTest" name="payment" time="6.995"/>
</testsuite> <!-- Default test -->
