<?xml version="1.0" encoding="UTF-8"?>
<!-- Generated by org.testng.reporters.JUnitXMLReporter -->
<testsuite ignored="0" hostname="DESKTOP-K2SJR3U" failures="0" tests="7" name="Default test" time="35.818" errors="0" timestamp="2026-05-02T19:23:00 IST">
  <testcase classname="com.test.CommonTest" name="signupTest" time="5.26"/>
  <testcase classname="com.test.CommonTest" name="SigupDetails" time="7.732"/>
  <testcase classname="com.test.CommonTest" name="accountcreated" time="2.222"/>
  <testcase classname="com.test.CommonTest" name="homePage" time="1.609"/>
  <testcase classname="com.test.CommonTest" name="signupTestExist" time="2.789"/>
  <testcase classname="com.test.CommonTest" name="loginpage" time="4.027"/>
  <testcase classname="com.test.CommonTest" name="invalidlogin" time="1.829"/>
</testsuite> <!-- Default test -->
