<?xml version="1.0" encoding="UTF-8"?>
<!-- Generated by org.testng.reporters.JUnitReportReporter -->
<testsuite hostname="DESKTOP-K2SJR3U" failures="0" tests="3" name="com.test.ProductTest" time="26.839" errors="0" timestamp="2026-05-04T00:22:22 IST" skipped="0">
  <testcase classname="com.test.ProductTest" name="Search" time="14.056"/>
  <testcase classname="com.test.ProductTest" name="payment" time="6.995"/>
  <testcase classname="com.test.ProductTest" name="cart" time="5.788"/>
</testsuite> <!-- com.test.ProductTest -->
