<?xml version="1.0" encoding="UTF-8"?>
<!-- Generated by org.testng.reporters.JUnitReportReporter -->
<testsuite hostname="DESKTOP-K2SJR3U" failures="0" tests="3" name="com.test.ProductTest" time="15.319" errors="1" timestamp="2026-05-04T00:41:16 IST" skipped="2">
  <testcase classname="com.test.ProductTest" name="Search" time="15.317">
    <error message="element click intercepted: Element &lt;button type=&quot;button&quot; id=&quot;submit_search&quot; class=&quot;btn btn-default btn-lg&quot;&gt;...&lt;/button&gt; is not clickable at point (499, 473). Other element would receive the click: &lt;iframe id=&quot;aswift_3&quot; name=&quot;aswift_3&quot; style=&quot;min-height: auto; max-height: none; min-width: auto; max-width: none; width: 728px !important; height: 90px !important; display: block; margin: 0px auto;&quot; sandbox=&quot;allow-forms allow-popups allow-popups-to-escape-sandbox allow-same-origin allow-scripts allow-top-navigation-by-user-activation&quot; width=&quot;728&quot; height=&quot;90&quot; frameborder=&quot;0&quot; marginwidth=&quot;0&quot; marginheight=&quot;0&quot; vspace=&quot;0&quot; hspace=&quot;0&quot; allowtransparency=&quot;true&quot; scrolling=&quot;no&quot; allow=&quot;attribution-reporting; run-ad-auction&quot; src=&quot;https://googleads.g.doubleclick.net/pagead/html/r20260428/r20190131/zrt_lookup_fy2021.html#RS-0-&amp;amp;adk=1812271801&amp;amp;client=ca-pub-1677597403311019&amp;amp;fa=1&amp;amp;ifi=4&amp;amp;uci=a!4&amp;amp;btvi=2&quot; data-google-container-id=&quot;a!4&quot; tabindex=&quot;0&quot; title=&quot;Advertisement&quot; aria-label=&quot;Advertisement&quot; data-google-query-id=&quot;CM_c2Z3pnZQDFXCpYwYd68sJpg&quot; data-load-complete=&quot;true&quot;&gt;&lt;/iframe&gt;
  (Session info: MicrosoftEdge=147.0.3912.98)
Build info: version: &#039;4.21.0&#039;, revision: &#039;79ed462ef4&#039;
System info: os.name: &#039;Windows 11&#039;, os.arch: &#039;amd64&#039;, os.version: &#039;10.0&#039;, java.version: &#039;21.0.10&#039;
Driver info: org.openqa.selenium.edge.EdgeDriver
Command: [e8ab11ac7ad57ea3b8c2ed77c6fff0ff, clickElement {id=f.16A4083C1524B38F4CC4E7538F7E69FB.d.87F4701FE6B164753D0BA45AFCA7BF66.e.197}]
Capabilities {acceptInsecureCerts: false, browserName: MicrosoftEdge, browserVersion: 147.0.3912.98, fedcm:accounts: true, goog:processID: 3612, ms:edgeOptions: {debuggerAddress: localhost:60639}, msedge: {msedgedriverVersion: 146.0.3856.84 (fe100ed2d0fb..., userDataDir: C:\Users\HARITHA\AppData\Lo...}, networkConnectionEnabled: false, pageLoadStrategy: normal, platformName: windows, proxy: Proxy(), se:cdp: ws://localhost:60639/devtoo..., se:cdpVersion: 147.0.3912.98, setWindowRect: true, strictFileInteractability: false, timeouts: {implicit: 0, pageLoad: 300000, script: 30000}, unhandledPromptBehavior: dismiss and notify, webauthn:extension:credBlob: true, webauthn:extension:largeBlob: true, webauthn:extension:minPinLength: true, webauthn:extension:prf: true, webauthn:virtualAuthenticators: true}
Element: [[EdgeDriver: MicrosoftEdge on windows (e8ab11ac7ad57ea3b8c2ed77c6fff0ff)] -&gt; css selector: #submit_search]
Session ID: e8ab11ac7ad57ea3b8c2ed77c6fff0ff" type="org.openqa.selenium.ElementClickInterceptedException">
      <![CDATA[org.openqa.selenium.ElementClickInterceptedException: element click intercepted: Element <button type="button" id="submit_search" class="btn btn-default btn-lg">...</button> is not clickable at point (499, 473). Other element would receive the click: <iframe id="aswift_3" name="aswift_3" style="min-height: auto; max-height: none; min-width: auto; max-width: none; width: 728px !important; height: 90px !important; display: block; margin: 0px auto;" sandbox="allow-forms allow-popups allow-popups-to-escape-sandbox allow-same-origin allow-scripts allow-top-navigation-by-user-activation" width="728" height="90" frameborder="0" marginwidth="0" marginheight="0" vspace="0" hspace="0" allowtransparency="true" scrolling="no" allow="attribution-reporting; run-ad-auction" src="https://googleads.g.doubleclick.net/pagead/html/r20260428/r20190131/zrt_lookup_fy2021.html#RS-0-&amp;adk=1812271801&amp;client=ca-pub-1677597403311019&amp;fa=1&amp;ifi=4&amp;uci=a!4&amp;btvi=2" data-google-container-id="a!4" tabindex="0" title="Advertisement" aria-label="Advertisement" data-google-query-id="CM_c2Z3pnZQDFXCpYwYd68sJpg" data-load-complete="true"></iframe>
  (Session info: MicrosoftEdge=147.0.3912.98)
Build info: version: '4.21.0', revision: '79ed462ef4'
System info: os.name: 'Windows 11', os.arch: 'amd64', os.version: '10.0', java.version: '21.0.10'
Driver info: org.openqa.selenium.edge.EdgeDriver
Command: [e8ab11ac7ad57ea3b8c2ed77c6fff0ff, clickElement {id=f.16A4083C1524B38F4CC4E7538F7E69FB.d.87F4701FE6B164753D0BA45AFCA7BF66.e.197}]
Capabilities {acceptInsecureCerts: false, browserName: MicrosoftEdge, browserVersion: 147.0.3912.98, fedcm:accounts: true, goog:processID: 3612, ms:edgeOptions: {debuggerAddress: localhost:60639}, msedge: {msedgedriverVersion: 146.0.3856.84 (fe100ed2d0fb..., userDataDir: C:\Users\HARITHA\AppData\Lo...}, networkConnectionEnabled: false, pageLoadStrategy: normal, platformName: windows, proxy: Proxy(), se:cdp: ws://localhost:60639/devtoo..., se:cdpVersion: 147.0.3912.98, setWindowRect: true, strictFileInteractability: false, timeouts: {implicit: 0, pageLoad: 300000, script: 30000}, unhandledPromptBehavior: dismiss and notify, webauthn:extension:credBlob: true, webauthn:extension:largeBlob: true, webauthn:extension:minPinLength: true, webauthn:extension:prf: true, webauthn:virtualAuthenticators: true}
Element: [[EdgeDriver: MicrosoftEdge on windows (e8ab11ac7ad57ea3b8c2ed77c6fff0ff)] -> css selector: #submit_search]
Session ID: e8ab11ac7ad57ea3b8c2ed77c6fff0ff
at java.base/jdk.internal.reflect.DirectConstructorHandleAccessor.newInstance(DirectConstructorHandleAccessor.java:62)
at java.base/java.lang.reflect.Constructor.newInstanceWithCaller(Constructor.java:502)
at java.base/java.lang.reflect.Constructor.newInstance(Constructor.java:486)
at org.openqa.selenium.remote.ErrorCodec.decode(ErrorCodec.java:167)
at org.openqa.selenium.remote.codec.w3c.W3CHttpResponseCodec.decode(W3CHttpResponseCodec.java:138)
at org.openqa.selenium.remote.codec.w3c.W3CHttpResponseCodec.decode(W3CHttpResponseCodec.java:50)
at org.openqa.selenium.remote.HttpCommandExecutor.execute(HttpCommandExecutor.java:190)
at org.openqa.selenium.remote.service.DriverCommandExecutor.invokeExecute(DriverCommandExecutor.java:216)
at org.openqa.selenium.remote.service.DriverCommandExecutor.execute(DriverCommandExecutor.java:174)
at org.openqa.selenium.remote.RemoteWebDriver.execute(RemoteWebDriver.java:518)
at org.openqa.selenium.remote.RemoteWebElement.execute(RemoteWebElement.java:223)
at org.openqa.selenium.remote.RemoteWebElement.click(RemoteWebElement.java:76)
at java.base/jdk.internal.reflect.DirectMethodHandleAccessor.invoke(DirectMethodHandleAccessor.java:103)
at java.base/java.lang.reflect.Method.invoke(Method.java:580)
at org.openqa.selenium.support.pagefactory.internal.LocatingElementHandler.invoke(LocatingElementHandler.java:51)
at jdk.proxy2/jdk.proxy2.$Proxy14.click(Unknown Source)
at com.pages.SearchPage.clicklogo(SearchPage.java:52)
at com.test.ProductTest.Search(ProductTest.java:32)
at java.base/jdk.internal.reflect.DirectMethodHandleAccessor.invoke(DirectMethodHandleAccessor.java:103)
at java.base/java.lang.reflect.Method.invoke(Method.java:580)
at org.testng.internal.invokers.MethodInvocationHelper.invokeMethod(MethodInvocationHelper.java:141)
at org.testng.internal.invokers.TestInvoker.invokeMethod(TestInvoker.java:686)
at org.testng.internal.invokers.TestInvoker.invokeTestMethod(TestInvoker.java:230)
at org.testng.internal.invokers.MethodRunner.runInSequence(MethodRunner.java:63)
at org.testng.internal.invokers.TestInvoker$MethodInvocationAgent.invoke(TestInvoker.java:992)
at org.testng.internal.invokers.TestInvoker.invokeTestMethods(TestInvoker.java:203)
at org.testng.internal.invokers.TestMethodWorker.invokeTestMethods(TestMethodWorker.java:154)
at org.testng.internal.invokers.TestMethodWorker.run(TestMethodWorker.java:134)
at java.base/java.util.ArrayList.forEach(ArrayList.java:1596)
at org.testng.TestRunner.privateRun(TestRunner.java:739)
at org.testng.TestRunner.run(TestRunner.java:614)
at org.testng.SuiteRunner.runTest(SuiteRunner.java:421)
at org.testng.SuiteRunner.runSequentially(SuiteRunner.java:413)
at org.testng.SuiteRunner.privateRun(SuiteRunner.java:373)
at org.testng.SuiteRunner.run(SuiteRunner.java:312)
at org.testng.SuiteRunnerWorker.runSuite(SuiteRunnerWorker.java:52)
at org.testng.SuiteRunnerWorker.run(SuiteRunnerWorker.java:95)
at org.testng.TestNG.runSuitesSequentially(TestNG.java:1274)
at org.testng.TestNG.runSuitesLocally(TestNG.java:1208)
at org.testng.TestNG.runSuites(TestNG.java:1112)
at org.testng.TestNG.run(TestNG.java:1079)
at org.testng.remote.AbstractRemoteTestNG.run(AbstractRemoteTestNG.java:115)
at org.testng.remote.RemoteTestNG.initAndRun(RemoteTestNG.java:293)
at org.testng.remote.RemoteTestNG.main(RemoteTestNG.java:91)
]]>
    </error>
  </testcase> <!-- Search -->
  <testcase classname="com.test.ProductTest" name="payment" time="0.001">
    <skipped/>
  </testcase> <!-- payment -->
  <testcase classname="com.test.ProductTest" name="cart" time="0.001">
    <skipped/>
  </testcase> <!-- cart -->
</testsuite> <!-- com.test.ProductTest -->
