<?xml version="1.0" encoding="UTF-8"?>
<testng-results ignored="0" total="7" passed="7" failed="0" skipped="0">
  <reporter-output>
  </reporter-output>
  <suite started-at="2026-05-02T19:22:24 IST" name="Default suite" finished-at="2026-05-02T19:23:00 IST" duration-ms="35818">
    <groups>
    </groups>
    <test started-at="2026-05-02T19:22:24 IST" name="Default test" finished-at="2026-05-02T19:23:00 IST" duration-ms="35818">
      <class name="com.test.CommonTest">
        <test-method is-config="true" signature="start()[pri:0, instance:com.test.CommonTest@3a52dba3]" started-at="2026-05-02T19:22:24 IST" name="start" finished-at="2026-05-02T19:22:33 IST" duration-ms="9088" status="PASS">
          <reporter-output>
          </reporter-output>
        </test-method> <!-- start -->
        <test-method signature="signupTest()[pri:1, instance:com.test.CommonTest@3a52dba3]" started-at="2026-05-02T19:22:33 IST" name="signupTest" finished-at="2026-05-02T19:22:38 IST" duration-ms="5260" status="PASS">
          <reporter-output>
          </reporter-output>
        </test-method> <!-- signupTest -->
        <test-method signature="SigupDetails()[pri:0, instance:com.test.CommonTest@3a52dba3]" started-at="2026-05-02T19:22:38 IST" name="SigupDetails" finished-at="2026-05-02T19:22:46 IST" depends-on-methods="com.test.CommonTest.signupTest" duration-ms="7732" status="PASS">
          <reporter-output>
          </reporter-output>
        </test-method> <!-- SigupDetails -->
        <test-method signature="accountcreated()[pri:0, instance:com.test.CommonTest@3a52dba3]" started-at="2026-05-02T19:22:46 IST" name="accountcreated" finished-at="2026-05-02T19:22:48 IST" depends-on-methods="com.test.CommonTest.SigupDetails" duration-ms="2222" status="PASS">
          <reporter-output>
          </reporter-output>
        </test-method> <!-- accountcreated -->
        <test-method signature="homePage()[pri:0, instance:com.test.CommonTest@3a52dba3]" started-at="2026-05-02T19:22:48 IST" name="homePage" finished-at="2026-05-02T19:22:50 IST" depends-on-methods="com.test.CommonTest.accountcreated" duration-ms="1609" status="PASS">
          <reporter-output>
          </reporter-output>
        </test-method> <!-- homePage -->
        <test-method signature="signupTestExist()[pri:2, instance:com.test.CommonTest@3a52dba3]" started-at="2026-05-02T19:22:50 IST" name="signupTestExist" finished-at="2026-05-02T19:22:53 IST" duration-ms="2789" status="PASS">
          <reporter-output>
          </reporter-output>
        </test-method> <!-- signupTestExist -->
        <test-method signature="loginpage()[pri:3, instance:com.test.CommonTest@3a52dba3]" started-at="2026-05-02T19:22:53 IST" name="loginpage" finished-at="2026-05-02T19:22:57 IST" duration-ms="4027" status="PASS">
          <reporter-output>
          </reporter-output>
        </test-method> <!-- loginpage -->
        <test-method signature="invalidlogin()[pri:4, instance:com.test.CommonTest@3a52dba3]" started-at="2026-05-02T19:22:57 IST" name="invalidlogin" finished-at="2026-05-02T19:22:59 IST" duration-ms="1829" status="PASS">
          <reporter-output>
          </reporter-output>
        </test-method> <!-- invalidlogin -->
        <test-method is-config="true" signature="stop()[pri:0, instance:com.test.CommonTest@3a52dba3]" started-at="2026-05-02T19:22:59 IST" name="stop" finished-at="2026-05-02T19:23:00 IST" duration-ms="1087" status="PASS">
          <reporter-output>
          </reporter-output>
        </test-method> <!-- stop -->
      </class> <!-- com.test.CommonTest -->
    </test> <!-- Default test -->
  </suite> <!-- Default suite -->
</testng-results>
